
============================================================
Processing Category:Sitelen Pona ligatures
============================================================
Fetching members of Category:Sitelen Pona ligatures...
  Found 424 members

[1/424] Category:Akesi kon (toki pona) → 'akesi kon'
  Checking Wikidata...
    ✗ Not found
  Checking sona.pona.la...
    ✗ No article
  Checking tok.wikipedia.org...
    ✗ No article
  Checking en.wiktionary.org...
    ✗ No appendix

[2/424] Category:Anpa lawa (toki pona) → 'anpa lawa'
  Checking Wikidata...
    ✗ Not found
  Checking sona.pona.la...
    ✗ No article
  Checking tok.wikipedia.org...
    ✓ Article exists
  Checking en.wiktionary.org...
    ✗ No appendix

[3/424] Category:Ijo akesi (toki pona) → 'ijo akesi'
  Checking Wikidata...
    ✗ Not found
  Checking sona.pona.la...
    ✗ No article
  Checking tok.wikipedia.org...
    ✗ No article
  Checking en.wiktionary.org...
    ✗ No appendix

[4/424] Category:Ijo ala (toki pona) → 'ijo ala'
  Checking Wikidata...
    ✗ Not found
  Checking sona.pona.la...
    ✗ No article
  Checking tok.wikipedia.org...
    ✗ No article
  Checking en.wiktionary.org...
    ✗ No appendix

[5/424] Category:Ijo alasa (toki pona) → 'ijo alasa'
  Checking Wikidata...
    ✗ Not found
  Checking sona.pona.la...
    ✗ No article
  Checking tok.wikipedia.org...
    ✗ No article
  Checking en.wiktionary.org...
    ✗ No appendix

[6/424] Category:Ijo ale (toki pona) → 'ijo ale'
  Checking Wikidata...
    ✗ Not found
  Checking sona.pona.la...
    ✗ No article
  Checking tok.wikipedia.org...
    ✗ No article
  Checking en.wiktionary.org...
    ✗ No appendix

[7/424] Category:Ijo ali (toki pona) → 'ijo ali'
  Checking Wikidata...
    ✗ Not found
  Checking sona.pona.la...
    ✗ No article
  Checking tok.wikipedia.org...
    ✗ No article
  Checking en.wiktionary.org...
    ✗ No appendix

[8/424] Category:Ijo anpa (toki pona) → 'ijo anpa'
  Checking Wikidata...
    ✗ Not found
  Checking sona.pona.la...
    ✗ No article
  Checking tok.wikipedia.org...
    ✗ No article
  Checking en.wiktionary.org...
    ✗ No appendix

[9/424] Category:Ijo ante (toki pona) → 'ijo ante'
  Checking Wikidata...
    ✗ Not found
  Checking sona.pona.la...
    ✗ No article
  Checking tok.wikipedia.org...
    ✗ No article
  Checking en.wiktionary.org...
    ✗ No appendix

[10/424] Category:Ijo anu (toki pona) → 'ijo anu'
  Checking Wikidata...
    ✗ Not found
  Checking sona.pona.la...
    ✗ No article
  Checking tok.wikipedia.org...
    ✗ No article
  Checking en.wiktionary.org...
    ✗ No appendix

[11/424] Category:Ijo apeja (toki pona) → 'ijo apeja'
  Checking Wikidata...
    ✗ Not found
  Checking sona.pona.la...
    ✗ No article
  Checking tok.wikipedia.org...
    ✗ No article
  Checking en.wiktionary.org...
    ✗ No appendix

[12/424] Category:Ijo awen (toki pona) → 'ijo awen'
  Checking Wikidata...
    ✗ Not found
  Checking sona.pona.la...
    ✗ No article
  Checking tok.wikipedia.org...
    ✗ No article
  Checking en.wiktionary.org...
    ✗ No appendix

[13/424] Category:Ijo en (toki pona) → 'ijo en'
  Checking Wikidata...
    ✗ Not found
  Checking sona.pona.la...
    ✗ No article
  Checking tok.wikipedia.org...
    ✗ No article
  Checking en.wiktionary.org...
    ✗ No appendix

[14/424] Category:Ijo esun (toki pona) → 'ijo esun'
  Checking Wikidata...
    ✗ Not found
  Checking sona.pona.la...
    ✗ No article
  Checking tok.wikipedia.org...
    ✗ No article
  Checking en.wiktionary.org...
    ✗ No appendix

[15/424] Category:Ijo ike (toki pona) → 'ijo ike'
  Checking Wikidata...
    ✗ Not found
  Checking sona.pona.la...
    ✗ No article
  Checking tok.wikipedia.org...
    ✗ No article
  Checking en.wiktionary.org...
    ✗ No appendix

[16/424] Category:Ijo ilo (toki pona) → 'ijo ilo'
  Checking Wikidata...
    ✗ Not found
  Checking sona.pona.la...
    ✗ No article
  Checking tok.wikipedia.org...
    ✗ No article
  Checking en.wiktionary.org...
    ✗ No appendix

[17/424] Category:Ijo insa (toki pona) → 'ijo insa'
  Checking Wikidata...
    ✗ Not found
  Checking sona.pona.la...
    ✗ No article
  Checking tok.wikipedia.org...
    ✗ No article
  Checking en.wiktionary.org...
    ✗ No appendix

[18/424] Category:Ijo jaki (toki pona) → 'ijo jaki'
  Checking Wikidata...
    ✗ Not found
  Checking sona.pona.la...
    ✗ No article
  Checking tok.wikipedia.org...
    ✗ No article
  Checking en.wiktionary.org...
    ✗ No appendix

[19/424] Category:Ijo jan (toki pona) → 'ijo jan'
  Checking Wikidata...
    ✗ Not found
  Checking sona.pona.la...
    ✗ No article
  Checking tok.wikipedia.org...
    ✗ No article
  Checking en.wiktionary.org...
